[20:43:51] [Server thread/INFO]: Starting minecraft server version 1.12.2
[20:43:51] [Server thread/INFO]: Loading properties
[20:43:51] [Server thread/INFO]: Default game type: SURVIVAL
[20:43:51] [Server thread/INFO]: Generating keypair
[20:43:51] [Server thread/INFO]: Starting Minecraft server on *:25565
[20:43:51] [Server thread/INFO]: Using default channel type
[20:43:53] [Server thread/WARN]: **** SERVER IS RUNNING IN OFFLINE/INSECURE MODE!
[20:43:53] [Server thread/WARN]: The server will make no attempt to authenticate usernames. Beware.
[20:43:53] [Server thread/WARN]: While this makes the game possible to play without internet access, it also opens up the ability for hackers to connect with any username they choose.
[20:43:53] [Server thread/WARN]: To change this, set "online-mode" to "true" in the server.properties file.
[20:43:54] [Server thread/INFO]: Preparing level "world"
[20:43:54] [Server thread/INFO]: Loaded 488 advancements
[20:43:54] [Server thread/INFO]: Preparing start region for level 0
[20:43:55] [Server thread/INFO]: Preparing spawn area: 5%
[20:43:56] [Server thread/INFO]: Preparing spawn area: 55%
[20:43:57] [Server thread/INFO]: Done (3.240s)! For help, type "help" or "?"
[20:44:28] [Server thread/INFO]: Woyken[/192.168.0.103:19949] logged in with entity id 562 at (187.94778547280626, 66.0, 210.48990541956417)
[20:44:28] [Server thread/INFO]: Woyken joined the game
[20:46:01] [Server thread/INFO]: TavoTevas[/192.168.0.173:53700] logged in with entity id 3103 at (148.54665044702494, 11.0, 365.22521937756846)
[20:46:01] [Server thread/INFO]: TavoTevas joined the game
[20:56:58] [Server thread/WARN]: TavoTevas moved too quickly! -182.94301847523246,-18.0,-182.082745646051
[20:57:00] [Server thread/WARN]: Can't keep up! Did the system time change, or is the server overloaded? Running 2520ms behind, skipping 50 tick(s)
[20:58:12] [Server thread/INFO]: TavoTevas lost connection: Disconnected
[20:58:12] [Server thread/INFO]: TavoTevas left the game
[20:58:28] [Server thread/INFO]: Woyken lost connection: Disconnected
[20:58:28] [Server thread/INFO]: Woyken left the game
