[00:13:51] [Server thread/INFO]: Starting minecraft server version 1.12.2
[00:13:51] [Server thread/INFO]: Loading properties
[00:13:51] [Server thread/INFO]: Default game type: SURVIVAL
[00:13:51] [Server thread/INFO]: Generating keypair
[00:13:51] [Server thread/INFO]: Starting Minecraft server on *:25565
[00:13:51] [Server thread/INFO]: Using default channel type
[00:13:52] [Server thread/WARN]: **** SERVER IS RUNNING IN OFFLINE/INSECURE MODE!
[00:13:52] [Server thread/WARN]: The server will make no attempt to authenticate usernames. Beware.
[00:13:52] [Server thread/WARN]: While this makes the game possible to play without internet access, it also opens up the ability for hackers to connect with any username they choose.
[00:13:52] [Server thread/WARN]: To change this, set "online-mode" to "true" in the server.properties file.
[00:13:52] [Server thread/INFO]: Preparing level "world"
[00:13:52] [Server thread/INFO]: Loaded 488 advancements
[00:13:52] [Server thread/INFO]: Preparing start region for level 0
[00:13:53] [Server thread/INFO]: Preparing spawn area: 8%
[00:13:54] [Server thread/INFO]: Preparing spawn area: 73%
[00:13:55] [Server thread/INFO]: Done (2,584s)! For help, type "help" or "?"
[00:18:49] [Server thread/INFO]: Mozes_banga[/192.168.0.164:56558] logged in with entity id 586 at (241.95748768666914, 70.0, 218.32714237093504)
[00:18:49] [Server thread/INFO]: Mozes_banga joined the game
[00:20:10] [Server thread/INFO]: TavoTevas[/192.168.0.131:60718] logged in with entity id 4289 at (187.72679956005317, 66.0, 214.07160362955426)
[00:20:10] [Server thread/INFO]: TavoTevas joined the game
[00:58:15] [Server thread/WARN]: TavoTevas moved wrongly!
[01:03:33] [Server thread/INFO]: Mozes_banga lost connection: Disconnected
[01:03:33] [Server thread/INFO]: Mozes_banga left the game
[01:04:29] [Server thread/INFO]: Mozes_banga[/192.168.0.164:56999] logged in with entity id 94266 at (114.42055686604158, 11.0, 1127.2272510867563)
[01:04:29] [Server thread/INFO]: Mozes_banga joined the game
[01:05:37] [Server thread/WARN]: TavoTevas moved too quickly! -183.0,-18.0,-182.0609098982035
[01:17:38] [Server thread/INFO]: Mozes_banga lost connection: Disconnected
[01:17:38] [Server thread/INFO]: Mozes_banga left the game
[01:21:09] [Server thread/INFO]: Mozes_banga[/192.168.0.164:57110] logged in with entity id 106099 at (114.4539270089752, 11.0, 1424.9263597674433)
[01:21:09] [Server thread/INFO]: Mozes_banga joined the game
[01:33:10] [Server thread/WARN]: TavoTevas moved too quickly! 183.0,18.0,182.2982188506992
[01:46:28] [Server thread/WARN]: TavoTevas moved too quickly! -183.0,-18.0,-182.0157327926255
[02:06:14] [Server thread/INFO]: Mozes_banga fell from a high place
[02:08:00] [Server thread/WARN]: TavoTevas moved too quickly! 183.0,18.0,181.94862036156775
[02:20:41] [Server thread/WARN]: TavoTevas moved too quickly! -183.0,-18.0,-182.19999998807907
[02:26:02] [Server thread/INFO]: TavoTevas lost connection: Disconnected
[02:26:02] [Server thread/INFO]: TavoTevas left the game
[02:30:16] [Server thread/INFO]: TavoTevas[/192.168.0.131:60857] logged in with entity id 196997 at (129.1139709711849, 61.304213417929745, -151.16037315092439)
[02:30:16] [Server thread/INFO]: TavoTevas joined the game
[02:30:20] [Server thread/INFO]: TavoTevas lost connection: Disconnected
[02:30:20] [Server thread/INFO]: TavoTevas left the game
[02:33:23] [Server thread/WARN]: Mozes_banga moved too quickly! -183.0,-18.0,-181.9934229917652
[02:35:31] [Server thread/WARN]: Mozes_banga moved too quickly! 183.0,18.0,181.9682990623317
[02:35:40] [Server thread/INFO]: TavoTevas[/192.168.0.131:60870] logged in with entity id 203185 at (128.41454793951894, 61.0, -150.5396488889254)
[02:35:40] [Server thread/INFO]: TavoTevas joined the game
[02:51:37] [Server thread/WARN]: TavoTevas moved too quickly! 183.0,18.0,182.15398002024534
[03:08:37] [Server thread/WARN]: TavoTevas moved too quickly! -183.0,-18.0,-182.19999998807907
[03:26:23] [Server thread/WARN]: TavoTevas moved too quickly! 183.0,18.0,181.90598204752268
[03:42:42] [Server thread/INFO]: TavoTevas has made the advancement [What a Deal!]
[03:43:06] [Server thread/WARN]: TavoTevas moved too quickly! -3.2733072904707683,-0.0625,9.537553052135621
[03:44:49] [Server thread/WARN]: TavoTevas moved too quickly! -9.978514247412932,-1.2315237975870161,1.6673140834931246
[03:46:18] [Server thread/INFO]: TavoTevas lost connection: Timed out
[03:46:18] [Server thread/INFO]: TavoTevas left the game
[03:46:29] [Server thread/INFO]: TavoTevas[/192.168.0.131:60948] logged in with entity id 261517 at (186.75491637032698, 66.0, 210.8288520890311)
[03:46:29] [Server thread/INFO]: TavoTevas joined the game
[03:49:27] [Server thread/INFO]: TavoTevas lost connection: Disconnected
[03:49:27] [Server thread/INFO]: TavoTevas left the game
[03:49:44] [Server thread/INFO]: TavoTevas[/192.168.0.131:60955] logged in with entity id 265345 at (186.31119196321401, 66.0, 211.60839671363738)
[03:49:44] [Server thread/INFO]: TavoTevas joined the game
[03:50:17] [Server thread/INFO]: TavoTevas lost connection: Disconnected
[03:50:17] [Server thread/INFO]: TavoTevas left the game
[03:52:36] [Server thread/INFO]: TavoTevas[/192.168.0.131:60960] logged in with entity id 266514 at (186.55476462203347, 66.0, 212.20127186100365)
[03:52:36] [Server thread/INFO]: TavoTevas joined the game
[03:53:25] [Server thread/WARN]: TavoTevas moved too quickly! 10.138711615548232,1.0,0.8389637440073443
[03:53:44] [Server thread/INFO]: TavoTevas lost connection: Internal Exception: java.io.IOException: An established connection was aborted by the software in your host machine
[03:53:44] [Server thread/INFO]: TavoTevas left the game
[03:54:49] [Server thread/INFO]: Mozes_banga lost connection: Disconnected
[03:54:49] [Server thread/INFO]: Mozes_banga left the game
[03:55:25] [Server Shutdown Thread/INFO]: Stopping server
[03:55:25] [Server Shutdown Thread/INFO]: Saving players
[03:55:25] [Server Shutdown Thread/INFO]: Saving worlds
[03:55:25] [Server Shutdown Thread/INFO]: Saving chunks for level 'world'/overworld
[03:55:25] [Server Shutdown Thread/INFO]: Saving chunks for level 'world'/the_nether
[03:55:25] [Server Shutdown Thread/INFO]: Saving chunks for level 'world'/the_end
